<?xml version="1.0" encoding="UTF-8"?>
<testsuites name="jest tests" tests="20" failures="0" errors="0" time="15.52">
  <testsuite name="validFields" errors="0" failures="0" skipped="0" timestamp="2023-12-16T03:31:19" time="2.65" tests="8">
    <testcase classname="validFields validates date correctly" name="validFields validates date correctly" time="0.039">
    </testcase>
    <testcase classname="validFields validates string correctly" name="validFields validates string correctly" time="0">
    </testcase>
    <testcase classname="validFields validates number correctly" name="validFields validates number correctly" time="0">
    </testcase>
    <testcase classname="validFields validates boolean correctly" name="validFields validates boolean correctly" time="0.001">
    </testcase>
    <testcase classname="validFields validates array correctly" name="validFields validates array correctly" time="0.004">
    </testcase>
    <testcase classname="validFields validates object correctly" name="validFields validates object correctly" time="0.001">
    </testcase>
    <testcase classname="validFields validates email correctly" name="validFields validates email correctly" time="0">
    </testcase>
    <testcase classname="validFields returns the value for unknown types" name="validFields returns the value for unknown types" time="0.001">
    </testcase>
  </testsuite>
  <testsuite name="WarningPageScreenSize" errors="0" failures="0" skipped="0" timestamp="2023-12-16T03:31:19" time="10.25" tests="1">
    <testcase classname="WarningPageScreenSize renders correctly" name="WarningPageScreenSize renders correctly" time="0.195">
    </testcase>
  </testsuite>
  <testsuite name="renderfields function" errors="0" failures="0" skipped="0" timestamp="2023-12-16T03:31:19" time="10.23" tests="6">
    <testcase classname="renderfields function renders input fields correctly" name="renderfields function renders input fields correctly" time="0.363">
    </testcase>
    <testcase classname="renderfields function renders inputs doublelines fields correctly" name="renderfields function renders inputs doublelines fields correctly" time="0.243">
    </testcase>
    <testcase classname="renderfields function renders select fields correctly" name="renderfields function renders select fields correctly" time="0.094">
    </testcase>
    <testcase classname="renderfields function renders datePicker fields correctly" name="renderfields function renders datePicker fields correctly" time="0.122">
    </testcase>
    <testcase classname="renderfields function renders slider fields correctly" name="renderfields function renders slider fields correctly" time="0.067">
    </testcase>
    <testcase classname="renderfields function renders number fields correctly" name="renderfields function renders number fields correctly" time="0.101">
    </testcase>
  </testsuite>
  <testsuite name="undefined" errors="0" failures="0" skipped="0" timestamp="2023-12-16T03:31:19" time="10.457" tests="1">
    <testcase classname=" Renderiza o componente Button corretamente" name=" Renderiza o componente Button corretamente" time="0.239">
    </testcase>
  </testsuite>
  <testsuite name="undefined" errors="0" failures="0" skipped="0" timestamp="2023-12-16T03:31:19" time="11.194" tests="1">
    <testcase classname=" Renderiza o componente CustomTable corretamente" name=" Renderiza o componente CustomTable corretamente" time="0.597">
    </testcase>
  </testsuite>
  <testsuite name="BulkActionsDropdown" errors="0" failures="0" skipped="0" timestamp="2023-12-16T03:31:22" time="8.732" tests="1">
    <testcase classname="BulkActionsDropdown renders correctly" name="BulkActionsDropdown renders correctly" time="0.299">
    </testcase>
  </testsuite>
  <testsuite name="undefined" errors="0" failures="0" skipped="0" timestamp="2023-12-16T03:31:29" time="2.987" tests="1">
    <testcase classname=" Renderiza o componente InputField corretamente" name=" Renderiza o componente InputField corretamente" time="0.108">
    </testcase>
  </testsuite>
  <testsuite name="undefined" errors="0" failures="0" skipped="0" timestamp="2023-12-16T03:31:30" time="3.244" tests="1">
    <testcase classname=" Renderiza o componente SelectComponent corretamente" name=" Renderiza o componente SelectComponent corretamente" time="0.111">
    </testcase>
  </testsuite>
</testsuites>