{"D:\\Projetos\\FBLibrary\\components\\index.ts": {"path":"D:\\Projetos\\FBLibrary\\components\\index.ts","statementMap":{},"fnMap":{},"branchMap":{},"s":{},"f":{},"b":{},"_coverageSchema":"1a1c01bbd47fc00a2c39e90264f33305004495a9","hash":"cb5b64739682f80d57bfc4af01fbe264ff652f06"}
,"D:\\Projetos\\FBLibrary\\components\\baseComponents\\index.ts": {"path":"D:\\Projetos\\FBLibrary\\components\\baseComponents\\index.ts","statementMap":{},"fnMap":{},"branchMap":{},"s":{},"f":{},"b":{},"_coverageSchema":"1a1c01bbd47fc00a2c39e90264f33305004495a9","hash":"1874a5752b69da9cb2e52ab7e9677eb72d84e2eb"}
,"D:\\Projetos\\FBLibrary\\components\\baseComponents\\bulkActionsDropdown\\index.tsx": {"path":"D:\\Projetos\\FBLibrary\\components\\baseComponents\\bulkActionsDropdown\\index.tsx","statementMap":{"0":{"start":{"line":9,"column":64},"end":{"line":62,"column":1}},"1":{"start":{"line":10,"column":17},"end":{"line":10,"column":33}},"2":{"start":{"line":11,"column":41},"end":{"line":11,"column":56}},"3":{"start":{"line":12,"column":20},"end":{"line":14,"column":4}},"4":{"start":{"line":13,"column":6},"end":{"line":13,"column":27}},"5":{"start":{"line":16,"column":21},"end":{"line":18,"column":4}},"6":{"start":{"line":17,"column":6},"end":{"line":17,"column":28}},"7":{"start":{"line":20,"column":29},"end":{"line":26,"column":4}},"8":{"start":{"line":21,"column":6},"end":{"line":21,"column":18}},"9":{"start":{"line":23,"column":6},"end":{"line":25,"column":7}},"10":{"start":{"line":24,"column":9},"end":{"line":24,"column":27}},"11":{"start":{"line":29,"column":6},"end":{"line":52,"column":13}},"12":{"start":{"line":31,"column":12},"end":{"line":50,"column":21}},"13":{"start":{"line":35,"column":39},"end":{"line":35,"column":67}},"14":{"start":{"line":41,"column":60},"end":{"line":41,"column":88}},"15":{"start":{"line":46,"column":57},"end":{"line":46,"column":85}},"16":{"start":{"line":55,"column":3},"end":{"line":61,"column":5}}},"fnMap":{"0":{"name":"(anonymous_0)","decl":{"start":{"line":9,"column":64},"end":{"line":9,"column":65}},"loc":{"start":{"line":9,"column":86},"end":{"line":62,"column":1}},"line":9},"1":{"name":"(anonymous_1)","decl":{"start":{"line":12,"column":20},"end":{"line":12,"column":21}},"loc":{"start":{"line":12,"column":26},"end":{"line":14,"column":4}},"line":12},"2":{"name":"(anonymous_2)","decl":{"start":{"line":16,"column":21},"end":{"line":16,"column":22}},"loc":{"start":{"line":16,"column":27},"end":{"line":18,"column":4}},"line":16},"3":{"name":"(anonymous_3)","decl":{"start":{"line":20,"column":29},"end":{"line":20,"column":30}},"loc":{"start":{"line":20,"column":57},"end":{"line":26,"column":4}},"line":20},"4":{"name":"(anonymous_4)","decl":{"start":{"line":30,"column":22},"end":{"line":30,"column":23}},"loc":{"start":{"line":31,"column":12},"end":{"line":50,"column":21}},"line":31},"5":{"name":"(anonymous_5)","decl":{"start":{"line":35,"column":32},"end":{"line":35,"column":33}},"loc":{"start":{"line":35,"column":39},"end":{"line":35,"column":67}},"line":35},"6":{"name":"(anonymous_6)","decl":{"start":{"line":41,"column":53},"end":{"line":41,"column":54}},"loc":{"start":{"line":41,"column":60},"end":{"line":41,"column":88}},"line":41},"7":{"name":"(anonymous_7)","decl":{"start":{"line":46,"column":50},"end":{"line":46,"column":51}},"loc":{"start":{"line":46,"column":57},"end":{"line":46,"column":85}},"line":46}},"branchMap":{"0":{"loc":{"start":{"line":9,"column":67},"end":{"line":9,"column":79}},"type":"default-arg","locations":[{"start":{"line":9,"column":77},"end":{"line":9,"column":79}}],"line":9},"1":{"loc":{"start":{"line":23,"column":6},"end":{"line":25,"column":7}},"type":"if","locations":[{"start":{"line":23,"column":6},"end":{"line":25,"column":7}},{"start":{},"end":{}}],"line":23},"2":{"loc":{"start":{"line":23,"column":10},"end":{"line":23,"column":29}},"type":"binary-expr","locations":[{"start":{"line":23,"column":10},"end":{"line":23,"column":24}},{"start":{"line":23,"column":28},"end":{"line":23,"column":29}}],"line":23},"3":{"loc":{"start":{"line":31,"column":12},"end":{"line":50,"column":21}},"type":"cond-expr","locations":[{"start":{"line":32,"column":15},"end":{"line":49,"column":16}},{"start":{"line":50,"column":17},"end":{"line":50,"column":21}}],"line":31},"4":{"loc":{"start":{"line":32,"column":15},"end":{"line":49,"column":16}},"type":"cond-expr","locations":[{"start":{"line":33,"column":18},"end":{"line":44,"column":31}},{"start":{"line":46,"column":18},"end":{"line":48,"column":30}}],"line":32},"5":{"loc":{"start":{"line":32,"column":15},"end":{"line":32,"column":54}},"type":"binary-expr","locations":[{"start":{"line":32,"column":15},"end":{"line":32,"column":26}},{"start":{"line":32,"column":30},"end":{"line":32,"column":54}}],"line":32},"6":{"loc":{"start":{"line":34,"column":28},"end":{"line":34,"column":87}},"type":"cond-expr","locations":[{"start":{"line":34,"column":52},"end":{"line":34,"column":73}},{"start":{"line":34,"column":76},"end":{"line":34,"column":87}}],"line":34}},"s":{"0":7,"1":3,"2":3,"3":3,"4":0,"5":3,"6":0,"7":3,"8":0,"9":0,"10":0,"11":3,"12":4,"13":0,"14":0,"15":0,"16":3},"f":{"0":3,"1":0,"2":0,"3":0,"4":4,"5":0,"6":0,"7":0},"b":{"0":[0],"1":[0,0],"2":[0,0],"3":[3,1],"4":[1,2],"5":[3,3],"6":[1,0]},"_coverageSchema":"1a1c01bbd47fc00a2c39e90264f33305004495a9","hash":"5c9ed458b91171e7761eef6f440e81c867f7ffdf"}
,"D:\\Projetos\\FBLibrary\\components\\baseComponents\\button\\button.tsx": {"path":"D:\\Projetos\\FBLibrary\\components\\baseComponents\\button\\button.tsx","statementMap":{"0":{"start":{"line":17,"column":41},"end":{"line":27,"column":1}},"1":{"start":{"line":19,"column":3},"end":{"line":26,"column":4}}},"fnMap":{"0":{"name":"(anonymous_0)","decl":{"start":{"line":17,"column":41},"end":{"line":17,"column":42}},"loc":{"start":{"line":17,"column":107},"end":{"line":27,"column":1}},"line":17}},"branchMap":{},"s":{"0":7,"1":1},"f":{"0":1},"b":{},"_coverageSchema":"1a1c01bbd47fc00a2c39e90264f33305004495a9","hash":"4d421375cdbd56cbf458bd0787e61e85ea2a0792"}
,"D:\\Projetos\\FBLibrary\\components\\baseComponents\\inputField\\index.tsx": {"path":"D:\\Projetos\\FBLibrary\\components\\baseComponents\\inputField\\index.tsx","statementMap":{"0":{"start":{"line":5,"column":21},"end":{"line":5,"column":26}},"1":{"start":{"line":22,"column":49},"end":{"line":90,"column":1}},"2":{"start":{"line":30,"column":19},"end":{"line":47,"column":4}},"3":{"start":{"line":32,"column":6},"end":{"line":44,"column":7}},"4":{"start":{"line":34,"column":9},"end":{"line":34,"column":25}},"5":{"start":{"line":35,"column":9},"end":{"line":35,"column":15}},"6":{"start":{"line":37,"column":9},"end":{"line":37,"column":31}},"7":{"start":{"line":38,"column":9},"end":{"line":38,"column":15}},"8":{"start":{"line":40,"column":9},"end":{"line":40,"column":25}},"9":{"start":{"line":41,"column":9},"end":{"line":41,"column":15}},"10":{"start":{"line":43,"column":9},"end":{"line":43,"column":20}},"11":{"start":{"line":46,"column":6},"end":{"line":46,"column":19}},"12":{"start":{"line":49,"column":17},"end":{"line":49,"column":42}},"13":{"start":{"line":51,"column":3},"end":{"line":89,"column":4}}},"fnMap":{"0":{"name":"(anonymous_0)","decl":{"start":{"line":22,"column":49},"end":{"line":22,"column":50}},"loc":{"start":{"line":22,"column":151},"end":{"line":90,"column":1}},"line":22},"1":{"name":"(anonymous_1)","decl":{"start":{"line":30,"column":19},"end":{"line":30,"column":20}},"loc":{"start":{"line":30,"column":34},"end":{"line":47,"column":4}},"line":30}},"branchMap":{"0":{"loc":{"start":{"line":32,"column":6},"end":{"line":44,"column":7}},"type":"switch","locations":[{"start":{"line":33,"column":6},"end":{"line":35,"column":15}},{"start":{"line":36,"column":6},"end":{"line":38,"column":15}},{"start":{"line":39,"column":6},"end":{"line":41,"column":15}},{"start":{"line":42,"column":6},"end":{"line":43,"column":20}}],"line":32},"1":{"loc":{"start":{"line":49,"column":17},"end":{"line":49,"column":42}},"type":"cond-expr","locations":[{"start":{"line":49,"column":24},"end":{"line":49,"column":37}},{"start":{"line":49,"column":40},"end":{"line":49,"column":42}}],"line":49},"2":{"loc":{"start":{"line":52,"column":18},"end":{"line":52,"column":69}},"type":"cond-expr","locations":[{"start":{"line":52,"column":38},"end":{"line":52,"column":57}},{"start":{"line":52,"column":60},"end":{"line":52,"column":69}}],"line":52},"3":{"loc":{"start":{"line":54,"column":26},"end":{"line":54,"column":107}},"type":"binary-expr","locations":[{"start":{"line":54,"column":26},"end":{"line":54,"column":34}},{"start":{"line":54,"column":38},"end":{"line":54,"column":107}}],"line":54},"4":{"loc":{"start":{"line":56,"column":10},"end":{"line":56,"column":70}},"type":"binary-expr","locations":[{"start":{"line":56,"column":10},"end":{"line":56,"column":23}},{"start":{"line":56,"column":27},"end":{"line":56,"column":70}}],"line":56},"5":{"loc":{"start":{"line":57,"column":11},"end":{"line":86,"column":14}},"type":"cond-expr","locations":[{"start":{"line":58,"column":12},"end":{"line":73,"column":14}},{"start":{"line":75,"column":12},"end":{"line":86,"column":14}}],"line":57},"6":{"loc":{"start":{"line":70,"column":19},"end":{"line":70,"column":54}},"type":"binary-expr","locations":[{"start":{"line":70,"column":19},"end":{"line":70,"column":27}},{"start":{"line":70,"column":32},"end":{"line":70,"column":53}}],"line":70},"7":{"loc":{"start":{"line":84,"column":19},"end":{"line":84,"column":54}},"type":"binary-expr","locations":[{"start":{"line":84,"column":19},"end":{"line":84,"column":27}},{"start":{"line":84,"column":32},"end":{"line":84,"column":53}}],"line":84}},"s":{"0":7,"1":7,"2":5,"3":1,"4":1,"5":1,"6":0,"7":0,"8":0,"9":0,"10":0,"11":1,"12":5,"13":5},"f":{"0":5,"1":1},"b":{"0":[1,0,0,0],"1":[1,4],"2":[1,4],"3":[5,1],"4":[5,1],"5":[0,5],"6":[0,0],"7":[5,0]},"_coverageSchema":"1a1c01bbd47fc00a2c39e90264f33305004495a9","hash":"4087eea7db33192051506e3d1d3c97910eaa1854"}
,"D:\\Projetos\\FBLibrary\\components\\baseComponents\\selectComponent\\index.tsx": {"path":"D:\\Projetos\\FBLibrary\\components\\baseComponents\\selectComponent\\index.tsx","statementMap":{"0":{"start":{"line":18,"column":47},"end":{"line":37,"column":1}},"1":{"start":{"line":19,"column":3},"end":{"line":36,"column":5}}},"fnMap":{"0":{"name":"(anonymous_0)","decl":{"start":{"line":18,"column":47},"end":{"line":18,"column":48}},"loc":{"start":{"line":18,"column":124},"end":{"line":37,"column":1}},"line":18}},"branchMap":{"0":{"loc":{"start":{"line":29,"column":16},"end":{"line":29,"column":51}},"type":"binary-expr","locations":[{"start":{"line":29,"column":16},"end":{"line":29,"column":24}},{"start":{"line":29,"column":29},"end":{"line":29,"column":50}}],"line":29},"1":{"loc":{"start":{"line":33,"column":13},"end":{"line":33,"column":45}},"type":"binary-expr","locations":[{"start":{"line":33,"column":13},"end":{"line":33,"column":26}},{"start":{"line":33,"column":30},"end":{"line":33,"column":45}}],"line":33}},"s":{"0":7,"1":3},"f":{"0":3},"b":{"0":[3,0],"1":[3,1]},"_coverageSchema":"1a1c01bbd47fc00a2c39e90264f33305004495a9","hash":"bc58d9f71e8d1bf827525a8b11bf1372b86231d9"}
,"D:\\Projetos\\FBLibrary\\components\\baseLayouts\\dynamicTable\\index.tsx": {"path":"D:\\Projetos\\FBLibrary\\components\\baseLayouts\\dynamicTable\\index.tsx","statementMap":{"0":{"start":{"line":15,"column":21},"end":{"line":84,"column":1}},"1":{"start":{"line":17,"column":17},"end":{"line":17,"column":33}},"2":{"start":{"line":19,"column":45},"end":{"line":19,"column":59}},"3":{"start":{"line":20,"column":49},"end":{"line":20,"column":66}},"4":{"start":{"line":22,"column":32},"end":{"line":32,"column":4}},"5":{"start":{"line":30,"column":9},"end":{"line":30,"column":42}},"6":{"start":{"line":34,"column":21},"end":{"line":37,"column":4}},"7":{"start":{"line":35,"column":6},"end":{"line":36,"column":39}},"8":{"start":{"line":36,"column":9},"end":{"line":36,"column":39}},"9":{"start":{"line":39,"column":3},"end":{"line":41,"column":25}},"10":{"start":{"line":40,"column":6},"end":{"line":40,"column":84}},"11":{"start":{"line":44,"column":39},"end":{"line":59,"column":4}},"12":{"start":{"line":61,"column":29},"end":{"line":64,"column":4}},"13":{"start":{"line":66,"column":3},"end":{"line":83,"column":5}}},"fnMap":{"0":{"name":"(anonymous_0)","decl":{"start":{"line":15,"column":21},"end":{"line":15,"column":22}},"loc":{"start":{"line":15,"column":227},"end":{"line":84,"column":1}},"line":15},"1":{"name":"(anonymous_1)","decl":{"start":{"line":29,"column":16},"end":{"line":29,"column":17}},"loc":{"start":{"line":29,"column":58},"end":{"line":31,"column":7}},"line":29},"2":{"name":"(anonymous_2)","decl":{"start":{"line":34,"column":21},"end":{"line":34,"column":22}},"loc":{"start":{"line":34,"column":33},"end":{"line":37,"column":4}},"line":34},"3":{"name":"(anonymous_3)","decl":{"start":{"line":39,"column":13},"end":{"line":39,"column":14}},"loc":{"start":{"line":39,"column":19},"end":{"line":41,"column":4}},"line":39}},"branchMap":{"0":{"loc":{"start":{"line":15,"column":121},"end":{"line":15,"column":139}},"type":"default-arg","locations":[{"start":{"line":15,"column":137},"end":{"line":15,"column":139}}],"line":15},"1":{"loc":{"start":{"line":15,"column":141},"end":{"line":15,"column":168}},"type":"default-arg","locations":[{"start":{"line":15,"column":163},"end":{"line":15,"column":168}}],"line":15},"2":{"loc":{"start":{"line":15,"column":170},"end":{"line":15,"column":198}},"type":"default-arg","locations":[{"start":{"line":15,"column":194},"end":{"line":15,"column":198}}],"line":15},"3":{"loc":{"start":{"line":35,"column":6},"end":{"line":36,"column":39}},"type":"if","locations":[{"start":{"line":35,"column":6},"end":{"line":36,"column":39}},{"start":{},"end":{}}],"line":35},"4":{"loc":{"start":{"line":40,"column":6},"end":{"line":40,"column":83}},"type":"cond-expr","locations":[{"start":{"line":40,"column":35},"end":{"line":40,"column":57}},{"start":{"line":40,"column":60},"end":{"line":40,"column":83}}],"line":40},"5":{"loc":{"start":{"line":79,"column":30},"end":{"line":79,"column":71}},"type":"cond-expr","locations":[{"start":{"line":79,"column":52},"end":{"line":79,"column":64}},{"start":{"line":79,"column":67},"end":{"line":79,"column":71}}],"line":79}},"s":{"0":6,"1":2,"2":2,"3":2,"4":2,"5":0,"6":2,"7":0,"8":0,"9":2,"10":1,"11":2,"12":2,"13":2},"f":{"0":2,"1":0,"2":0,"3":1},"b":{"0":[2],"1":[2],"2":[2],"3":[0,0],"4":[0,1],"5":[0,2]},"_coverageSchema":"1a1c01bbd47fc00a2c39e90264f33305004495a9","hash":"042c241439b09e758b2e66d911f6f1f1af235697"}
,"D:\\Projetos\\FBLibrary\\components\\baseLayouts\\dynamicTable\\constants\\index.ts": {"path":"D:\\Projetos\\FBLibrary\\components\\baseLayouts\\dynamicTable\\constants\\index.ts","statementMap":{"0":{"start":{"line":1,"column":26},"end":{"line":4,"column":1}}},"fnMap":{},"branchMap":{},"s":{"0":6},"f":{},"b":{},"_coverageSchema":"1a1c01bbd47fc00a2c39e90264f33305004495a9","hash":"f0418b6bb25dd73da8439a05d9db3d2946817ac3"}
,"D:\\Projetos\\FBLibrary\\components\\baseLayouts\\modals\\constants\\constants.ts": {"path":"D:\\Projetos\\FBLibrary\\components\\baseLayouts\\modals\\constants\\constants.ts","statementMap":{"0":{"start":{"line":1,"column":28},"end":{"line":14,"column":1}}},"fnMap":{},"branchMap":{},"s":{"0":7},"f":{},"b":{},"_coverageSchema":"1a1c01bbd47fc00a2c39e90264f33305004495a9","hash":"64955146352b7a2cbc282769acf455f943609312"}
,"D:\\Projetos\\FBLibrary\\components\\baseLayouts\\modals\\modalFormHandler\\index.tsx": {"path":"D:\\Projetos\\FBLibrary\\components\\baseLayouts\\modals\\modalFormHandler\\index.tsx","statementMap":{"0":{"start":{"line":10,"column":54},"end":{"line":62,"column":1}},"1":{"start":{"line":11,"column":17},"end":{"line":11,"column":33}},"2":{"start":{"line":12,"column":18},"end":{"line":12,"column":37}},"3":{"start":{"line":14,"column":3},"end":{"line":16,"column":27}},"4":{"start":{"line":15,"column":6},"end":{"line":15,"column":46}},"5":{"start":{"line":18,"column":24},"end":{"line":20,"column":4}},"6":{"start":{"line":19,"column":6},"end":{"line":19,"column":37}},"7":{"start":{"line":22,"column":26},"end":{"line":24,"column":4}},"8":{"start":{"line":23,"column":6},"end":{"line":23,"column":48}},"9":{"start":{"line":26,"column":3},"end":{"line":61,"column":5}},"10":{"start":{"line":48,"column":48},"end":{"line":48,"column":96}}},"fnMap":{"0":{"name":"(anonymous_0)","decl":{"start":{"line":10,"column":54},"end":{"line":10,"column":55}},"loc":{"start":{"line":10,"column":117},"end":{"line":62,"column":1}},"line":10},"1":{"name":"(anonymous_1)","decl":{"start":{"line":14,"column":13},"end":{"line":14,"column":14}},"loc":{"start":{"line":14,"column":19},"end":{"line":16,"column":4}},"line":14},"2":{"name":"(anonymous_2)","decl":{"start":{"line":18,"column":24},"end":{"line":18,"column":25}},"loc":{"start":{"line":18,"column":57},"end":{"line":20,"column":4}},"line":18},"3":{"name":"(anonymous_3)","decl":{"start":{"line":22,"column":26},"end":{"line":22,"column":27}},"loc":{"start":{"line":22,"column":63},"end":{"line":24,"column":4}},"line":22},"4":{"name":"(anonymous_4)","decl":{"start":{"line":48,"column":30},"end":{"line":48,"column":31}},"loc":{"start":{"line":48,"column":48},"end":{"line":48,"column":96}},"line":48}},"branchMap":{},"s":{"0":6,"1":0,"2":0,"3":0,"4":0,"5":0,"6":0,"7":0,"8":0,"9":0,"10":0},"f":{"0":0,"1":0,"2":0,"3":0,"4":0},"b":{},"_coverageSchema":"1a1c01bbd47fc00a2c39e90264f33305004495a9","hash":"046ef55f2beeafb2293a8dee1bf4c09588ca41ff"}
,"D:\\Projetos\\FBLibrary\\components\\baseLayouts\\modals\\multiModalFormHandler\\index.tsx": {"path":"D:\\Projetos\\FBLibrary\\components\\baseLayouts\\modals\\multiModalFormHandler\\index.tsx","statementMap":{"0":{"start":{"line":7,"column":20},"end":{"line":7,"column":24}},"1":{"start":{"line":9,"column":64},"end":{"line":62,"column":1}},"2":{"start":{"line":10,"column":37},"end":{"line":10,"column":50}},"3":{"start":{"line":11,"column":43},"end":{"line":11,"column":58}},"4":{"start":{"line":12,"column":18},"end":{"line":12,"column":56}},"5":{"start":{"line":13,"column":27},"end":{"line":15,"column":4}},"6":{"start":{"line":14,"column":6},"end":{"line":14,"column":24}},"7":{"start":{"line":17,"column":25},"end":{"line":19,"column":4}},"8":{"start":{"line":18,"column":6},"end":{"line":18,"column":36}},"9":{"start":{"line":21,"column":23},"end":{"line":27,"column":4}},"10":{"start":{"line":22,"column":21},"end":{"line":22,"column":39}},"11":{"start":{"line":23,"column":6},"end":{"line":26,"column":8}},"12":{"start":{"line":24,"column":50},"end":{"line":24,"column":98}},"13":{"start":{"line":29,"column":20},"end":{"line":31,"column":4}},"14":{"start":{"line":30,"column":6},"end":{"line":30,"column":44}},"15":{"start":{"line":33,"column":3},"end":{"line":61,"column":5}},"16":{"start":{"line":35,"column":32},"end":{"line":35,"column":53}},"17":{"start":{"line":38,"column":24},"end":{"line":38,"column":38}},"18":{"start":{"line":53,"column":21},"end":{"line":55,"column":31}}},"fnMap":{"0":{"name":"(anonymous_0)","decl":{"start":{"line":9,"column":64},"end":{"line":9,"column":65}},"loc":{"start":{"line":9,"column":132},"end":{"line":62,"column":1}},"line":9},"1":{"name":"(anonymous_1)","decl":{"start":{"line":13,"column":27},"end":{"line":13,"column":28}},"loc":{"start":{"line":13,"column":44},"end":{"line":15,"column":4}},"line":13},"2":{"name":"(anonymous_2)","decl":{"start":{"line":17,"column":25},"end":{"line":17,"column":26}},"loc":{"start":{"line":17,"column":60},"end":{"line":19,"column":4}},"line":17},"3":{"name":"(anonymous_3)","decl":{"start":{"line":21,"column":23},"end":{"line":21,"column":24}},"loc":{"start":{"line":21,"column":53},"end":{"line":27,"column":4}},"line":21},"4":{"name":"(anonymous_4)","decl":{"start":{"line":24,"column":21},"end":{"line":24,"column":22}},"loc":{"start":{"line":24,"column":50},"end":{"line":24,"column":98}},"line":24},"5":{"name":"(anonymous_5)","decl":{"start":{"line":29,"column":20},"end":{"line":29,"column":21}},"loc":{"start":{"line":29,"column":36},"end":{"line":31,"column":4}},"line":29},"6":{"name":"(anonymous_6)","decl":{"start":{"line":35,"column":26},"end":{"line":35,"column":27}},"loc":{"start":{"line":35,"column":32},"end":{"line":35,"column":53}},"line":35},"7":{"name":"(anonymous_7)","decl":{"start":{"line":38,"column":18},"end":{"line":38,"column":19}},"loc":{"start":{"line":38,"column":24},"end":{"line":38,"column":38}},"line":38},"8":{"name":"(anonymous_8)","decl":{"start":{"line":52,"column":37},"end":{"line":52,"column":38}},"loc":{"start":{"line":53,"column":21},"end":{"line":55,"column":31}},"line":53}},"branchMap":{"0":{"loc":{"start":{"line":9,"column":67},"end":{"line":9,"column":85}},"type":"default-arg","locations":[{"start":{"line":9,"column":83},"end":{"line":9,"column":85}}],"line":9}},"s":{"0":6,"1":6,"2":0,"3":0,"4":0,"5":0,"6":0,"7":0,"8":0,"9":0,"10":0,"11":0,"12":0,"13":0,"14":0,"15":0,"16":0,"17":0,"18":0},"f":{"0":0,"1":0,"2":0,"3":0,"4":0,"5":0,"6":0,"7":0,"8":0},"b":{"0":[0]},"_coverageSchema":"1a1c01bbd47fc00a2c39e90264f33305004495a9","hash":"c666e384f0de354d48b7581724e64cf785880512"}
,"D:\\Projetos\\FBLibrary\\components\\baseLayouts\\modals\\services\\modalService.ts": {"path":"D:\\Projetos\\FBLibrary\\components\\baseLayouts\\modals\\services\\modalService.ts","statementMap":{"0":{"start":{"line":5,"column":36},"end":{"line":11,"column":1}},"1":{"start":{"line":6,"column":3},"end":{"line":10,"column":4}},"2":{"start":{"line":7,"column":6},"end":{"line":9,"column":9}},"3":{"start":{"line":8,"column":9},"end":{"line":8,"column":76}},"4":{"start":{"line":13,"column":32},"end":{"line":20,"column":1}},"5":{"start":{"line":14,"column":3},"end":{"line":19,"column":4}},"6":{"start":{"line":15,"column":21},"end":{"line":15,"column":48}},"7":{"start":{"line":16,"column":6},"end":{"line":16,"column":21}},"8":{"start":{"line":18,"column":6},"end":{"line":18,"column":68}},"9":{"start":{"line":22,"column":30},"end":{"line":35,"column":1}},"10":{"start":{"line":23,"column":15},"end":{"line":23,"column":26}},"11":{"start":{"line":24,"column":3},"end":{"line":30,"column":4}},"12":{"start":{"line":26,"column":6},"end":{"line":26,"column":50}},"13":{"start":{"line":27,"column":6},"end":{"line":27,"column":12}},"14":{"start":{"line":29,"column":6},"end":{"line":29,"column":43}},"15":{"start":{"line":32,"column":3},"end":{"line":34,"column":4}},"16":{"start":{"line":33,"column":6},"end":{"line":33,"column":50}}},"fnMap":{"0":{"name":"(anonymous_0)","decl":{"start":{"line":5,"column":36},"end":{"line":5,"column":37}},"loc":{"start":{"line":5,"column":84},"end":{"line":11,"column":1}},"line":5},"1":{"name":"(anonymous_1)","decl":{"start":{"line":7,"column":39},"end":{"line":7,"column":40}},"loc":{"start":{"line":7,"column":48},"end":{"line":9,"column":7}},"line":7},"2":{"name":"(anonymous_2)","decl":{"start":{"line":13,"column":32},"end":{"line":13,"column":33}},"loc":{"start":{"line":13,"column":108},"end":{"line":20,"column":1}},"line":13},"3":{"name":"(anonymous_3)","decl":{"start":{"line":22,"column":30},"end":{"line":22,"column":31}},"loc":{"start":{"line":22,"column":87},"end":{"line":35,"column":1}},"line":22}},"branchMap":{"0":{"loc":{"start":{"line":6,"column":3},"end":{"line":10,"column":4}},"type":"if","locations":[{"start":{"line":6,"column":3},"end":{"line":10,"column":4}},{"start":{},"end":{}}],"line":6},"1":{"loc":{"start":{"line":6,"column":7},"end":{"line":6,"column":62}},"type":"binary-expr","locations":[{"start":{"line":6,"column":7},"end":{"line":6,"column":38}},{"start":{"line":6,"column":42},"end":{"line":6,"column":62}}],"line":6},"2":{"loc":{"start":{"line":24,"column":3},"end":{"line":30,"column":4}},"type":"switch","locations":[{"start":{"line":25,"column":3},"end":{"line":27,"column":12}},{"start":{"line":28,"column":3},"end":{"line":29,"column":43}}],"line":24},"3":{"loc":{"start":{"line":29,"column":14},"end":{"line":29,"column":42}},"type":"cond-expr","locations":[{"start":{"line":29,"column":24},"end":{"line":29,"column":38}},{"start":{"line":29,"column":41},"end":{"line":29,"column":42}}],"line":29},"4":{"loc":{"start":{"line":32,"column":3},"end":{"line":34,"column":4}},"type":"if","locations":[{"start":{"line":32,"column":3},"end":{"line":34,"column":4}},{"start":{},"end":{}}],"line":32}},"s":{"0":6,"1":0,"2":0,"3":0,"4":6,"5":0,"6":0,"7":0,"8":0,"9":6,"10":0,"11":0,"12":0,"13":0,"14":0,"15":0,"16":0},"f":{"0":0,"1":0,"2":0,"3":0},"b":{"0":[0,0],"1":[0,0],"2":[0,0],"3":[0,0],"4":[0,0]},"_coverageSchema":"1a1c01bbd47fc00a2c39e90264f33305004495a9","hash":"b808628e61de43600cbad5869b4af3ce29e9ce5b"}
,"D:\\Projetos\\FBLibrary\\components\\layout\\downloadScreen\\index.tsx": {"path":"D:\\Projetos\\FBLibrary\\components\\layout\\downloadScreen\\index.tsx","statementMap":{"0":{"start":{"line":11,"column":54},"end":{"line":48,"column":1}},"1":{"start":{"line":15,"column":17},"end":{"line":15,"column":33}},"2":{"start":{"line":23,"column":24},"end":{"line":25,"column":4}},"3":{"start":{"line":24,"column":6},"end":{"line":24,"column":31}},"4":{"start":{"line":27,"column":3},"end":{"line":47,"column":5}}},"fnMap":{"0":{"name":"(anonymous_0)","decl":{"start":{"line":11,"column":54},"end":{"line":11,"column":55}},"loc":{"start":{"line":14,"column":6},"end":{"line":48,"column":1}},"line":14},"1":{"name":"(anonymous_1)","decl":{"start":{"line":23,"column":24},"end":{"line":23,"column":25}},"loc":{"start":{"line":23,"column":30},"end":{"line":25,"column":4}},"line":23}},"branchMap":{"0":{"loc":{"start":{"line":34,"column":15},"end":{"line":44,"column":16}},"type":"binary-expr","locations":[{"start":{"line":34,"column":15},"end":{"line":34,"column":33}},{"start":{"line":35,"column":18},"end":{"line":43,"column":21}}],"line":34}},"s":{"0":6,"1":0,"2":0,"3":0,"4":0},"f":{"0":0,"1":0},"b":{"0":[0,0]},"_coverageSchema":"1a1c01bbd47fc00a2c39e90264f33305004495a9","hash":"92bf4366b688a4bcc3ea4914e4a4b9d2a24adc23"}
,"D:\\Projetos\\FBLibrary\\components\\layout\\downloadScreenLoading\\index.tsx": {"path":"D:\\Projetos\\FBLibrary\\components\\layout\\downloadScreenLoading\\index.tsx","statementMap":{"0":{"start":{"line":12,"column":68},"end":{"line":61,"column":1}},"1":{"start":{"line":17,"column":17},"end":{"line":17,"column":33}},"2":{"start":{"line":25,"column":24},"end":{"line":27,"column":4}},"3":{"start":{"line":26,"column":6},"end":{"line":26,"column":31}},"4":{"start":{"line":29,"column":3},"end":{"line":60,"column":5}}},"fnMap":{"0":{"name":"(anonymous_0)","decl":{"start":{"line":12,"column":68},"end":{"line":12,"column":69}},"loc":{"start":{"line":16,"column":6},"end":{"line":61,"column":1}},"line":16},"1":{"name":"(anonymous_1)","decl":{"start":{"line":25,"column":24},"end":{"line":25,"column":25}},"loc":{"start":{"line":25,"column":30},"end":{"line":27,"column":4}},"line":25}},"branchMap":{"0":{"loc":{"start":{"line":31,"column":11},"end":{"line":57,"column":14}},"type":"cond-expr","locations":[{"start":{"line":32,"column":12},"end":{"line":39,"column":14}},{"start":{"line":41,"column":12},"end":{"line":57,"column":14}}],"line":31},"1":{"loc":{"start":{"line":46,"column":18},"end":{"line":56,"column":19}},"type":"binary-expr","locations":[{"start":{"line":46,"column":18},"end":{"line":46,"column":36}},{"start":{"line":47,"column":21},"end":{"line":55,"column":24}}],"line":46}},"s":{"0":6,"1":0,"2":0,"3":0,"4":0},"f":{"0":0,"1":0},"b":{"0":[0,0],"1":[0,0]},"_coverageSchema":"1a1c01bbd47fc00a2c39e90264f33305004495a9","hash":"af27d64e556013c5c148ff8de362424db8ad2b34"}
,"D:\\Projetos\\FBLibrary\\components\\layout\\headerPage\\index.tsx": {"path":"D:\\Projetos\\FBLibrary\\components\\layout\\headerPage\\index.tsx","statementMap":{"0":{"start":{"line":4,"column":46},"end":{"line":18,"column":1}},"1":{"start":{"line":5,"column":3},"end":{"line":17,"column":5}}},"fnMap":{"0":{"name":"(anonymous_0)","decl":{"start":{"line":4,"column":46},"end":{"line":4,"column":47}},"loc":{"start":{"line":4,"column":119},"end":{"line":18,"column":1}},"line":4}},"branchMap":{"0":{"loc":{"start":{"line":4,"column":66},"end":{"line":4,"column":82}},"type":"default-arg","locations":[{"start":{"line":4,"column":80},"end":{"line":4,"column":82}}],"line":4},"1":{"loc":{"start":{"line":4,"column":84},"end":{"line":4,"column":112}},"type":"default-arg","locations":[{"start":{"line":4,"column":108},"end":{"line":4,"column":112}}],"line":4},"2":{"loc":{"start":{"line":7,"column":11},"end":{"line":13,"column":18}},"type":"binary-expr","locations":[{"start":{"line":7,"column":11},"end":{"line":7,"column":32}},{"start":{"line":8,"column":12},"end":{"line":13,"column":18}}],"line":7},"3":{"loc":{"start":{"line":11,"column":20},"end":{"line":11,"column":93}},"type":"cond-expr","locations":[{"start":{"line":11,"column":41},"end":{"line":11,"column":86}},{"start":{"line":11,"column":89},"end":{"line":11,"column":93}}],"line":11}},"s":{"0":6,"1":2},"f":{"0":2},"b":{"0":[0],"1":[0],"2":[2,2],"3":[2,0]},"_coverageSchema":"1a1c01bbd47fc00a2c39e90264f33305004495a9","hash":"605e2dc22e043664024d577efb1114efc5765d35"}
,"D:\\Projetos\\FBLibrary\\components\\layout\\screenLayout\\index.tsx": {"path":"D:\\Projetos\\FBLibrary\\components\\layout\\screenLayout\\index.tsx","statementMap":{"0":{"start":{"line":11,"column":44},"end":{"line":18,"column":1}},"1":{"start":{"line":12,"column":3},"end":{"line":17,"column":5}}},"fnMap":{"0":{"name":"(anonymous_0)","decl":{"start":{"line":11,"column":44},"end":{"line":11,"column":45}},"loc":{"start":{"line":11,"column":73},"end":{"line":18,"column":1}},"line":11}},"branchMap":{},"s":{"0":6,"1":0},"f":{"0":0},"b":{},"_coverageSchema":"1a1c01bbd47fc00a2c39e90264f33305004495a9","hash":"97e9ce43a01efd00b0cf27633693b892a634e325"}
,"D:\\Projetos\\FBLibrary\\components\\layout\\sidebar\\index.tsx": {"path":"D:\\Projetos\\FBLibrary\\components\\layout\\sidebar\\index.tsx","statementMap":{"0":{"start":{"line":9,"column":20},"end":{"line":9,"column":24}},"1":{"start":{"line":19,"column":3},"end":{"line":44,"column":6}},"2":{"start":{"line":20,"column":68},"end":{"line":20,"column":72}},"3":{"start":{"line":21,"column":23},"end":{"line":23,"column":14}},"4":{"start":{"line":25,"column":6},"end":{"line":43,"column":7}},"5":{"start":{"line":26,"column":9},"end":{"line":30,"column":11}},"6":{"start":{"line":31,"column":13},"end":{"line":43,"column":7}},"7":{"start":{"line":32,"column":9},"end":{"line":36,"column":11}},"8":{"start":{"line":38,"column":9},"end":{"line":42,"column":11}},"9":{"start":{"line":55,"column":3},"end":{"line":79,"column":4}},"10":{"start":{"line":56,"column":6},"end":{"line":72,"column":8}},"11":{"start":{"line":74,"column":6},"end":{"line":78,"column":8}},"12":{"start":{"line":88,"column":44},"end":{"line":101,"column":1}},"13":{"start":{"line":89,"column":17},"end":{"line":89,"column":33}},"14":{"start":{"line":91,"column":3},"end":{"line":100,"column":5}},"15":{"start":{"line":98,"column":32},"end":{"line":98,"column":55}}},"fnMap":{"0":{"name":"renderSubMenu","decl":{"start":{"line":18,"column":9},"end":{"line":18,"column":22}},"loc":{"start":{"line":18,"column":55},"end":{"line":45,"column":1}},"line":18},"1":{"name":"(anonymous_1)","decl":{"start":{"line":19,"column":22},"end":{"line":19,"column":23}},"loc":{"start":{"line":19,"column":32},"end":{"line":44,"column":4}},"line":19},"2":{"name":"renderMenuItem","decl":{"start":{"line":54,"column":9},"end":{"line":54,"column":23}},"loc":{"start":{"line":54,"column":48},"end":{"line":80,"column":1}},"line":54},"3":{"name":"(anonymous_3)","decl":{"start":{"line":88,"column":44},"end":{"line":88,"column":45}},"loc":{"start":{"line":88,"column":63},"end":{"line":101,"column":1}},"line":88},"4":{"name":"(anonymous_4)","decl":{"start":{"line":98,"column":24},"end":{"line":98,"column":25}},"loc":{"start":{"line":98,"column":32},"end":{"line":98,"column":55}},"line":98}},"branchMap":{"0":{"loc":{"start":{"line":21,"column":23},"end":{"line":23,"column":14}},"type":"cond-expr","locations":[{"start":{"line":22,"column":9},"end":{"line":22,"column":106}},{"start":{"line":23,"column":10},"end":{"line":23,"column":14}}],"line":21},"1":{"loc":{"start":{"line":22,"column":9},"end":{"line":22,"column":106}},"type":"cond-expr","locations":[{"start":{"line":22,"column":36},"end":{"line":22,"column":60}},{"start":{"line":22,"column":63},"end":{"line":22,"column":106}}],"line":22},"2":{"loc":{"start":{"line":25,"column":6},"end":{"line":43,"column":7}},"type":"if","locations":[{"start":{"line":25,"column":6},"end":{"line":43,"column":7}},{"start":{"line":31,"column":13},"end":{"line":43,"column":7}}],"line":25},"3":{"loc":{"start":{"line":25,"column":10},"end":{"line":25,"column":45}},"type":"binary-expr","locations":[{"start":{"line":25,"column":10},"end":{"line":25,"column":20}},{"start":{"line":25,"column":24},"end":{"line":25,"column":45}}],"line":25},"4":{"loc":{"start":{"line":31,"column":13},"end":{"line":43,"column":7}},"type":"if","locations":[{"start":{"line":31,"column":13},"end":{"line":43,"column":7}},{"start":{"line":37,"column":13},"end":{"line":43,"column":7}}],"line":31},"5":{"loc":{"start":{"line":34,"column":16},"end":{"line":34,"column":140}},"type":"cond-expr","locations":[{"start":{"line":34,"column":27},"end":{"line":34,"column":103}},{"start":{"line":34,"column":106},"end":{"line":34,"column":140}}],"line":34},"6":{"loc":{"start":{"line":55,"column":3},"end":{"line":79,"column":4}},"type":"if","locations":[{"start":{"line":55,"column":3},"end":{"line":79,"column":4}},{"start":{"line":73,"column":10},"end":{"line":79,"column":4}}],"line":55},"7":{"loc":{"start":{"line":55,"column":7},"end":{"line":55,"column":46}},"type":"binary-expr","locations":[{"start":{"line":55,"column":7},"end":{"line":55,"column":19}},{"start":{"line":55,"column":23},"end":{"line":55,"column":46}}],"line":55},"8":{"loc":{"start":{"line":61,"column":15},"end":{"line":67,"column":23}},"type":"cond-expr","locations":[{"start":{"line":62,"column":18},"end":{"line":66,"column":19}},{"start":{"line":67,"column":19},"end":{"line":67,"column":23}}],"line":61},"9":{"loc":{"start":{"line":62,"column":18},"end":{"line":66,"column":19}},"type":"cond-expr","locations":[{"start":{"line":63,"column":21},"end":{"line":63,"column":50}},{"start":{"line":65,"column":21},"end":{"line":65,"column":69}}],"line":62},"10":{"loc":{"start":{"line":75,"column":43},"end":{"line":75,"column":110}},"type":"cond-expr","locations":[{"start":{"line":75,"column":55},"end":{"line":75,"column":103}},{"start":{"line":75,"column":106},"end":{"line":75,"column":110}}],"line":75}},"s":{"0":6,"1":0,"2":0,"3":0,"4":0,"5":0,"6":0,"7":0,"8":0,"9":0,"10":0,"11":0,"12":6,"13":0,"14":0,"15":0},"f":{"0":0,"1":0,"2":0,"3":0,"4":0},"b":{"0":[0,0],"1":[0,0],"2":[0,0],"3":[0,0],"4":[0,0],"5":[0,0],"6":[0,0],"7":[0,0],"8":[0,0],"9":[0,0],"10":[0,0]},"_coverageSchema":"1a1c01bbd47fc00a2c39e90264f33305004495a9","hash":"f6229e858ff730962d67eb3860c2aeb6c41178bc"}
,"D:\\Projetos\\FBLibrary\\components\\layout\\warningPageScreenSize\\index.tsx": {"path":"D:\\Projetos\\FBLibrary\\components\\layout\\warningPageScreenSize\\index.tsx","statementMap":{"0":{"start":{"line":10,"column":40},"end":{"line":21,"column":1}},"1":{"start":{"line":11,"column":17},"end":{"line":11,"column":33}},"2":{"start":{"line":13,"column":3},"end":{"line":20,"column":5}}},"fnMap":{"0":{"name":"(anonymous_0)","decl":{"start":{"line":10,"column":40},"end":{"line":10,"column":41}},"loc":{"start":{"line":10,"column":46},"end":{"line":21,"column":1}},"line":10}},"branchMap":{},"s":{"0":6,"1":1,"2":1},"f":{"0":1},"b":{},"_coverageSchema":"1a1c01bbd47fc00a2c39e90264f33305004495a9","hash":"7ecfed0bdb580e2fb48e91491d68b7748b6728bb"}
,"D:\\Projetos\\FBLibrary\\helpers\\validFields.ts": {"path":"D:\\Projetos\\FBLibrary\\helpers\\validFields.ts","statementMap":{"0":{"start":{"line":10,"column":27},"end":{"line":31,"column":1}},"1":{"start":{"line":11,"column":3},"end":{"line":30,"column":4}},"2":{"start":{"line":14,"column":6},"end":{"line":14,"column":61}},"3":{"start":{"line":16,"column":6},"end":{"line":16,"column":55}},"4":{"start":{"line":18,"column":6},"end":{"line":18,"column":51}},"5":{"start":{"line":20,"column":6},"end":{"line":20,"column":56}},"6":{"start":{"line":22,"column":6},"end":{"line":22,"column":50}},"7":{"start":{"line":24,"column":6},"end":{"line":24,"column":73}},"8":{"start":{"line":26,"column":25},"end":{"line":26,"column":75}},"9":{"start":{"line":27,"column":6},"end":{"line":27,"column":52}},"10":{"start":{"line":29,"column":6},"end":{"line":29,"column":19}}},"fnMap":{"0":{"name":"(anonymous_0)","decl":{"start":{"line":10,"column":27},"end":{"line":10,"column":28}},"loc":{"start":{"line":10,"column":62},"end":{"line":31,"column":1}},"line":10}},"branchMap":{"0":{"loc":{"start":{"line":11,"column":3},"end":{"line":30,"column":4}},"type":"switch","locations":[{"start":{"line":12,"column":3},"end":{"line":12,"column":15}},{"start":{"line":13,"column":3},"end":{"line":14,"column":61}},{"start":{"line":15,"column":3},"end":{"line":16,"column":55}},{"start":{"line":17,"column":3},"end":{"line":18,"column":51}},{"start":{"line":19,"column":3},"end":{"line":20,"column":56}},{"start":{"line":21,"column":3},"end":{"line":22,"column":50}},{"start":{"line":23,"column":3},"end":{"line":24,"column":73}},{"start":{"line":25,"column":3},"end":{"line":27,"column":52}},{"start":{"line":28,"column":3},"end":{"line":29,"column":19}}],"line":11},"1":{"loc":{"start":{"line":14,"column":13},"end":{"line":14,"column":60}},"type":"cond-expr","locations":[{"start":{"line":14,"column":39},"end":{"line":14,"column":52}},{"start":{"line":14,"column":55},"end":{"line":14,"column":60}}],"line":14},"2":{"loc":{"start":{"line":16,"column":13},"end":{"line":16,"column":54}},"type":"cond-expr","locations":[{"start":{"line":16,"column":41},"end":{"line":16,"column":46}},{"start":{"line":16,"column":49},"end":{"line":16,"column":54}}],"line":16},"3":{"loc":{"start":{"line":18,"column":13},"end":{"line":18,"column":50}},"type":"cond-expr","locations":[{"start":{"line":18,"column":29},"end":{"line":18,"column":42}},{"start":{"line":18,"column":45},"end":{"line":18,"column":50}}],"line":18},"4":{"loc":{"start":{"line":20,"column":13},"end":{"line":20,"column":55}},"type":"cond-expr","locations":[{"start":{"line":20,"column":42},"end":{"line":20,"column":47}},{"start":{"line":20,"column":50},"end":{"line":20,"column":55}}],"line":20},"5":{"loc":{"start":{"line":22,"column":13},"end":{"line":22,"column":49}},"type":"cond-expr","locations":[{"start":{"line":22,"column":36},"end":{"line":22,"column":41}},{"start":{"line":22,"column":44},"end":{"line":22,"column":49}}],"line":22},"6":{"loc":{"start":{"line":24,"column":13},"end":{"line":24,"column":72}},"type":"cond-expr","locations":[{"start":{"line":24,"column":59},"end":{"line":24,"column":64}},{"start":{"line":24,"column":67},"end":{"line":24,"column":72}}],"line":24},"7":{"loc":{"start":{"line":24,"column":13},"end":{"line":24,"column":56}},"type":"binary-expr","locations":[{"start":{"line":24,"column":13},"end":{"line":24,"column":38}},{"start":{"line":24,"column":42},"end":{"line":24,"column":56}}],"line":24},"8":{"loc":{"start":{"line":27,"column":13},"end":{"line":27,"column":51}},"type":"cond-expr","locations":[{"start":{"line":27,"column":38},"end":{"line":27,"column":43}},{"start":{"line":27,"column":46},"end":{"line":27,"column":51}}],"line":27}},"s":{"0":7,"1":15,"2":2,"3":2,"4":2,"5":2,"6":2,"7":2,"8":2,"9":2,"10":1},"f":{"0":15},"b":{"0":[2,2,2,2,2,2,2,2,1],"1":[1,1],"2":[1,1],"3":[1,1],"4":[1,1],"5":[1,1],"6":[1,1],"7":[2,1],"8":[1,1]},"_coverageSchema":"1a1c01bbd47fc00a2c39e90264f33305004495a9","hash":"ed9f1d7b7bba7d1d420bb5a349849d408bdc1eb1"}
,"D:\\Projetos\\FBLibrary\\i18n\\index.js": {"path":"D:\\Projetos\\FBLibrary\\i18n\\index.js","statementMap":{},"fnMap":{},"branchMap":{},"s":{},"f":{},"b":{},"_coverageSchema":"1a1c01bbd47fc00a2c39e90264f33305004495a9","hash":"2cf206fcad2821922e0ccd726ca9085dbb7e0636"}
,"D:\\Projetos\\FBLibrary\\i18n\\ptBR.js": {"path":"D:\\Projetos\\FBLibrary\\i18n\\ptBR.js","statementMap":{"0":{"start":{"line":1,"column":13},"end":{"line":536,"column":1}}},"fnMap":{},"branchMap":{},"s":{"0":1},"f":{},"b":{},"_coverageSchema":"1a1c01bbd47fc00a2c39e90264f33305004495a9","hash":"0c013fe1972ed467100b6283bc75b44f2f5cb0e3"}
,"D:\\Projetos\\FBLibrary\\test\\mock\\button.js": {"path":"D:\\Projetos\\FBLibrary\\test\\mock\\button.js","statementMap":{"0":{"start":{"line":1,"column":27},"end":{"line":1,"column":36}},"1":{"start":{"line":3,"column":27},"end":{"line":10,"column":1}}},"fnMap":{},"branchMap":{},"s":{"0":1,"1":1},"f":{},"b":{},"_coverageSchema":"1a1c01bbd47fc00a2c39e90264f33305004495a9","hash":"fbd33468344334c68090d935e941c08586ab0488"}
,"D:\\Projetos\\FBLibrary\\test\\mock\\customTable.js": {"path":"D:\\Projetos\\FBLibrary\\test\\mock\\customTable.js","statementMap":{"0":{"start":{"line":2,"column":23},"end":{"line":13,"column":3}},"1":{"start":{"line":15,"column":26},"end":{"line":26,"column":3}},"2":{"start":{"line":28,"column":26},"end":{"line":33,"column":1}}},"fnMap":{},"branchMap":{},"s":{"0":1,"1":1,"2":1},"f":{},"b":{},"_coverageSchema":"1a1c01bbd47fc00a2c39e90264f33305004495a9","hash":"59863bbf606734dbf37b84b1aae6eb348a394bde"}
,"D:\\Projetos\\FBLibrary\\test\\mock\\inputField.js": {"path":"D:\\Projetos\\FBLibrary\\test\\mock\\inputField.js","statementMap":{"0":{"start":{"line":1,"column":31},"end":{"line":10,"column":3}}},"fnMap":{},"branchMap":{},"s":{"0":1},"f":{},"b":{},"_coverageSchema":"1a1c01bbd47fc00a2c39e90264f33305004495a9","hash":"91ea384054cfbf02cf29a6f11574fd7a5f8717f8"}
,"D:\\Projetos\\FBLibrary\\test\\mock\\matchMedia.js": {"path":"D:\\Projetos\\FBLibrary\\test\\mock\\matchMedia.js","statementMap":{"0":{"start":{"line":5,"column":27},"end":{"line":5,"column":44}},"1":{"start":{"line":6,"column":23},"end":{"line":6,"column":42}},"2":{"start":{"line":8,"column":0},"end":{"line":10,"column":3}},"3":{"start":{"line":9,"column":2},"end":{"line":9,"column":37}},"4":{"start":{"line":12,"column":0},"end":{"line":14,"column":3}},"5":{"start":{"line":13,"column":2},"end":{"line":13,"column":41}},"6":{"start":{"line":16,"column":33},"end":{"line":24,"column":1}},"7":{"start":{"line":17,"column":4},"end":{"line":19,"column":7}},"8":{"start":{"line":18,"column":8},"end":{"line":18,"column":43}},"9":{"start":{"line":21,"column":4},"end":{"line":23,"column":7}},"10":{"start":{"line":22,"column":8},"end":{"line":22,"column":47}}},"fnMap":{"0":{"name":"(anonymous_0)","decl":{"start":{"line":8,"column":10},"end":{"line":8,"column":11}},"loc":{"start":{"line":8,"column":16},"end":{"line":10,"column":1}},"line":8},"1":{"name":"(anonymous_1)","decl":{"start":{"line":12,"column":9},"end":{"line":12,"column":10}},"loc":{"start":{"line":12,"column":15},"end":{"line":14,"column":1}},"line":12},"2":{"name":"(anonymous_2)","decl":{"start":{"line":16,"column":33},"end":{"line":16,"column":34}},"loc":{"start":{"line":16,"column":39},"end":{"line":24,"column":1}},"line":16},"3":{"name":"(anonymous_3)","decl":{"start":{"line":17,"column":14},"end":{"line":17,"column":15}},"loc":{"start":{"line":17,"column":20},"end":{"line":19,"column":5}},"line":17},"4":{"name":"(anonymous_4)","decl":{"start":{"line":21,"column":13},"end":{"line":21,"column":14}},"loc":{"start":{"line":21,"column":19},"end":{"line":23,"column":5}},"line":21}},"branchMap":{},"s":{"0":2,"1":2,"2":2,"3":2,"4":2,"5":2,"6":2,"7":2,"8":2,"9":2,"10":2},"f":{"0":2,"1":2,"2":2,"3":2,"4":2},"b":{},"_coverageSchema":"1a1c01bbd47fc00a2c39e90264f33305004495a9","hash":"ab98a9e158bf44c06e28cfa6bed49797a13e2aa0"}
,"D:\\Projetos\\FBLibrary\\test\\mock\\renderField.js": {"path":"D:\\Projetos\\FBLibrary\\test\\mock\\renderField.js","statementMap":{"0":{"start":{"line":3,"column":36},"end":{"line":9,"column":1}},"1":{"start":{"line":4,"column":2},"end":{"line":8,"column":3}}},"fnMap":{"0":{"name":"(anonymous_0)","decl":{"start":{"line":3,"column":36},"end":{"line":3,"column":37}},"loc":{"start":{"line":3,"column":42},"end":{"line":9,"column":1}},"line":3}},"branchMap":{},"s":{"0":1,"1":1},"f":{"0":1},"b":{},"_coverageSchema":"1a1c01bbd47fc00a2c39e90264f33305004495a9","hash":"4a0298cf4ffaaa66e38ccff8505244c5e3c24aa6"}
,"D:\\Projetos\\FBLibrary\\test\\mock\\selectComponent.js": {"path":"D:\\Projetos\\FBLibrary\\test\\mock\\selectComponent.js","statementMap":{"0":{"start":{"line":1,"column":36},"end":{"line":12,"column":3}}},"fnMap":{},"branchMap":{},"s":{"0":1},"f":{},"b":{},"_coverageSchema":"1a1c01bbd47fc00a2c39e90264f33305004495a9","hash":"f185ec154bfc96fd1ed08e8aeac050fe52561c81"}
,"D:\\Projetos\\FBLibrary\\utils\\renderField.tsx": {"path":"D:\\Projetos\\FBLibrary\\utils\\renderField.tsx","statementMap":{"0":{"start":{"line":11,"column":28},"end":{"line":41,"column":1}},"1":{"start":{"line":12,"column":3},"end":{"line":14,"column":4}},"2":{"start":{"line":13,"column":6},"end":{"line":13,"column":33}},"3":{"start":{"line":16,"column":3},"end":{"line":40,"column":4}},"4":{"start":{"line":17,"column":6},"end":{"line":33,"column":8}},"5":{"start":{"line":20,"column":15},"end":{"line":30,"column":17}},"6":{"start":{"line":35,"column":6},"end":{"line":39,"column":8}},"7":{"start":{"line":43,"column":20},"end":{"line":113,"column":1}},"8":{"start":{"line":50,"column":3},"end":{"line":112,"column":4}},"9":{"start":{"line":52,"column":6},"end":{"line":62,"column":8}},"10":{"start":{"line":58,"column":37},"end":{"line":58,"column":69}},"11":{"start":{"line":64,"column":6},"end":{"line":73,"column":8}},"12":{"start":{"line":70,"column":44},"end":{"line":70,"column":82}},"13":{"start":{"line":75,"column":6},"end":{"line":86,"column":8}},"14":{"start":{"line":81,"column":38},"end":{"line":81,"column":73}},"15":{"start":{"line":88,"column":6},"end":{"line":98,"column":8}},"16":{"start":{"line":95,"column":29},"end":{"line":95,"column":71}},"17":{"start":{"line":100,"column":6},"end":{"line":111,"column":7}},"18":{"start":{"line":108,"column":38},"end":{"line":108,"column":70}}},"fnMap":{"0":{"name":"(anonymous_0)","decl":{"start":{"line":11,"column":28},"end":{"line":11,"column":29}},"loc":{"start":{"line":11,"column":138},"end":{"line":41,"column":1}},"line":11},"1":{"name":"(anonymous_1)","decl":{"start":{"line":19,"column":35},"end":{"line":19,"column":36}},"loc":{"start":{"line":19,"column":69},"end":{"line":31,"column":13}},"line":19},"2":{"name":"(anonymous_2)","decl":{"start":{"line":43,"column":20},"end":{"line":43,"column":21}},"loc":{"start":{"line":49,"column":5},"end":{"line":113,"column":1}},"line":49},"3":{"name":"(anonymous_3)","decl":{"start":{"line":58,"column":22},"end":{"line":58,"column":23}},"loc":{"start":{"line":58,"column":37},"end":{"line":58,"column":69}},"line":58},"4":{"name":"(anonymous_4)","decl":{"start":{"line":70,"column":22},"end":{"line":70,"column":23}},"loc":{"start":{"line":70,"column":44},"end":{"line":70,"column":82}},"line":70},"5":{"name":"(anonymous_5)","decl":{"start":{"line":81,"column":25},"end":{"line":81,"column":26}},"loc":{"start":{"line":81,"column":38},"end":{"line":81,"column":73}},"line":81},"6":{"name":"(anonymous_6)","decl":{"start":{"line":95,"column":22},"end":{"line":95,"column":23}},"loc":{"start":{"line":95,"column":29},"end":{"line":95,"column":71}},"line":95},"7":{"name":"(anonymous_7)","decl":{"start":{"line":108,"column":22},"end":{"line":108,"column":23}},"loc":{"start":{"line":108,"column":38},"end":{"line":108,"column":70}},"line":108}},"branchMap":{"0":{"loc":{"start":{"line":12,"column":3},"end":{"line":14,"column":4}},"type":"if","locations":[{"start":{"line":12,"column":3},"end":{"line":14,"column":4}},{"start":{},"end":{}}],"line":12},"1":{"loc":{"start":{"line":12,"column":7},"end":{"line":12,"column":37}},"type":"binary-expr","locations":[{"start":{"line":12,"column":7},"end":{"line":12,"column":21}},{"start":{"line":12,"column":25},"end":{"line":12,"column":37}}],"line":12},"2":{"loc":{"start":{"line":16,"column":3},"end":{"line":40,"column":4}},"type":"if","locations":[{"start":{"line":16,"column":3},"end":{"line":40,"column":4}},{"start":{"line":34,"column":10},"end":{"line":40,"column":4}}],"line":16},"3":{"loc":{"start":{"line":25,"column":31},"end":{"line":25,"column":61}},"type":"cond-expr","locations":[{"start":{"line":25,"column":45},"end":{"line":25,"column":56}},{"start":{"line":25,"column":59},"end":{"line":25,"column":61}}],"line":25},"4":{"loc":{"start":{"line":36,"column":62},"end":{"line":36,"column":92}},"type":"cond-expr","locations":[{"start":{"line":36,"column":76},"end":{"line":36,"column":87}},{"start":{"line":36,"column":90},"end":{"line":36,"column":92}}],"line":36},"5":{"loc":{"start":{"line":36,"column":101},"end":{"line":36,"column":158}},"type":"cond-expr","locations":[{"start":{"line":36,"column":127},"end":{"line":36,"column":146}},{"start":{"line":36,"column":149},"end":{"line":36,"column":158}}],"line":36},"6":{"loc":{"start":{"line":45,"column":3},"end":{"line":45,"column":23}},"type":"default-arg","locations":[{"start":{"line":45,"column":21},"end":{"line":45,"column":23}}],"line":45},"7":{"loc":{"start":{"line":46,"column":3},"end":{"line":46,"column":20}},"type":"default-arg","locations":[{"start":{"line":46,"column":19},"end":{"line":46,"column":20}}],"line":46},"8":{"loc":{"start":{"line":50,"column":3},"end":{"line":112,"column":4}},"type":"switch","locations":[{"start":{"line":51,"column":3},"end":{"line":62,"column":8}},{"start":{"line":63,"column":3},"end":{"line":73,"column":8}},{"start":{"line":74,"column":3},"end":{"line":86,"column":8}},{"start":{"line":87,"column":3},"end":{"line":98,"column":8}},{"start":{"line":99,"column":3},"end":{"line":111,"column":7}}],"line":50},"9":{"loc":{"start":{"line":60,"column":29},"end":{"line":60,"column":86}},"type":"cond-expr","locations":[{"start":{"line":60,"column":53},"end":{"line":60,"column":74}},{"start":{"line":60,"column":77},"end":{"line":60,"column":86}}],"line":60},"10":{"loc":{"start":{"line":71,"column":25},"end":{"line":71,"column":67}},"type":"binary-expr","locations":[{"start":{"line":71,"column":25},"end":{"line":71,"column":55}},{"start":{"line":71,"column":59},"end":{"line":71,"column":67}}],"line":71},"11":{"loc":{"start":{"line":94,"column":25},"end":{"line":94,"column":67}},"type":"cond-expr","locations":[{"start":{"line":94,"column":45},"end":{"line":94,"column":62}},{"start":{"line":94,"column":65},"end":{"line":94,"column":67}}],"line":94},"12":{"loc":{"start":{"line":103,"column":18},"end":{"line":103,"column":50}},"type":"cond-expr","locations":[{"start":{"line":103,"column":31},"end":{"line":103,"column":41}},{"start":{"line":103,"column":44},"end":{"line":103,"column":50}}],"line":103},"13":{"loc":{"start":{"line":107,"column":25},"end":{"line":107,"column":67}},"type":"cond-expr","locations":[{"start":{"line":107,"column":45},"end":{"line":107,"column":62}},{"start":{"line":107,"column":65},"end":{"line":107,"column":67}}],"line":107}},"s":{"0":7,"1":8,"2":1,"3":8,"4":1,"5":2,"6":7,"7":7,"8":9,"9":2,"10":0,"11":1,"12":0,"13":1,"14":0,"15":1,"16":1,"17":4,"18":2},"f":{"0":8,"1":2,"2":9,"3":0,"4":0,"5":0,"6":1,"7":2},"b":{"0":[1,7],"1":[8,1],"2":[1,7],"3":[0,2],"4":[6,1],"5":[1,6],"6":[0],"7":[0],"8":[2,1,1,1,4],"9":[1,1],"10":[1,1],"11":[0,1],"12":[1,3],"13":[0,4]},"_coverageSchema":"1a1c01bbd47fc00a2c39e90264f33305004495a9","hash":"f2cf8803c6a565ce9391984b93bc13567e4acae4"}
}
