TN:
SF:components\index.ts
FNF:0
FNH:0
LF:0
LH:0
BRF:0
BRH:0
end_of_record
TN:
SF:components\baseComponents\index.ts
FNF:0
FNH:0
LF:0
LH:0
BRF:0
BRH:0
end_of_record
TN:
SF:components\baseComponents\bulkActionsDropdown\index.tsx
FN:9,(anonymous_0)
FN:12,(anonymous_1)
FN:16,(anonymous_2)
FN:20,(anonymous_3)
FN:30,(anonymous_4)
FN:35,(anonymous_5)
FN:41,(anonymous_6)
FN:46,(anonymous_7)
FNF:8
FNH:2
FNDA:3,(anonymous_0)
FNDA:0,(anonymous_1)
FNDA:0,(anonymous_2)
FNDA:0,(anonymous_3)
FNDA:4,(anonymous_4)
FNDA:0,(anonymous_5)
FNDA:0,(anonymous_6)
FNDA:0,(anonymous_7)
DA:9,7
DA:10,3
DA:11,3
DA:12,3
DA:13,0
DA:16,3
DA:17,0
DA:20,3
DA:21,0
DA:23,0
DA:24,0
DA:29,3
DA:31,4
DA:35,0
DA:41,0
DA:46,0
DA:55,3
LF:17
LH:9
BRDA:9,0,0,0
BRDA:23,1,0,0
BRDA:23,1,1,0
BRDA:23,2,0,0
BRDA:23,2,1,0
BRDA:31,3,0,3
BRDA:31,3,1,1
BRDA:32,4,0,1
BRDA:32,4,1,2
BRDA:32,5,0,3
BRDA:32,5,1,3
BRDA:34,6,0,1
BRDA:34,6,1,0
BRF:13
BRH:7
end_of_record
TN:
SF:components\baseComponents\button\button.tsx
FN:17,(anonymous_0)
FNF:1
FNH:1
FNDA:1,(anonymous_0)
DA:17,7
DA:19,1
LF:2
LH:2
BRF:0
BRH:0
end_of_record
TN:
SF:components\baseComponents\inputField\index.tsx
FN:22,(anonymous_0)
FN:30,(anonymous_1)
FNF:2
FNH:2
FNDA:5,(anonymous_0)
FNDA:1,(anonymous_1)
DA:5,7
DA:22,7
DA:30,5
DA:32,1
DA:34,1
DA:35,1
DA:37,0
DA:38,0
DA:40,0
DA:41,0
DA:43,0
DA:46,1
DA:49,5
DA:51,5
LF:14
LH:9
BRDA:32,0,0,1
BRDA:32,0,1,0
BRDA:32,0,2,0
BRDA:32,0,3,0
BRDA:49,1,0,1
BRDA:49,1,1,4
BRDA:52,2,0,1
BRDA:52,2,1,4
BRDA:54,3,0,5
BRDA:54,3,1,1
BRDA:56,4,0,5
BRDA:56,4,1,1
BRDA:57,5,0,0
BRDA:57,5,1,5
BRDA:70,6,0,0
BRDA:70,6,1,0
BRDA:84,7,0,5
BRDA:84,7,1,0
BRF:18
BRH:11
end_of_record
TN:
SF:components\baseComponents\selectComponent\index.tsx
FN:18,(anonymous_0)
FNF:1
FNH:1
FNDA:3,(anonymous_0)
DA:18,7
DA:19,3
LF:2
LH:2
BRDA:29,0,0,3
BRDA:29,0,1,0
BRDA:33,1,0,3
BRDA:33,1,1,1
BRF:4
BRH:3
end_of_record
TN:
SF:components\baseLayouts\dynamicTable\index.tsx
FN:15,(anonymous_0)
FN:29,(anonymous_1)
FN:34,(anonymous_2)
FN:39,(anonymous_3)
FNF:4
FNH:2
FNDA:2,(anonymous_0)
FNDA:0,(anonymous_1)
FNDA:0,(anonymous_2)
FNDA:1,(anonymous_3)
DA:15,6
DA:17,2
DA:19,2
DA:20,2
DA:22,2
DA:30,0
DA:34,2
DA:35,0
DA:36,0
DA:39,2
DA:40,1
DA:44,2
DA:61,2
DA:66,2
LF:14
LH:11
BRDA:15,0,0,2
BRDA:15,1,0,2
BRDA:15,2,0,2
BRDA:35,3,0,0
BRDA:35,3,1,0
BRDA:40,4,0,0
BRDA:40,4,1,1
BRDA:79,5,0,0
BRDA:79,5,1,2
BRF:9
BRH:5
end_of_record
TN:
SF:components\baseLayouts\dynamicTable\constants\index.ts
FNF:0
FNH:0
DA:1,6
LF:1
LH:1
BRF:0
BRH:0
end_of_record
TN:
SF:components\baseLayouts\modals\constants\constants.ts
FNF:0
FNH:0
DA:1,7
LF:1
LH:1
BRF:0
BRH:0
end_of_record
TN:
SF:components\baseLayouts\modals\modalFormHandler\index.tsx
FN:10,(anonymous_0)
FN:14,(anonymous_1)
FN:18,(anonymous_2)
FN:22,(anonymous_3)
FN:48,(anonymous_4)
FNF:5
FNH:0
FNDA:0,(anonymous_0)
FNDA:0,(anonymous_1)
FNDA:0,(anonymous_2)
FNDA:0,(anonymous_3)
FNDA:0,(anonymous_4)
DA:10,6
DA:11,0
DA:12,0
DA:14,0
DA:15,0
DA:18,0
DA:19,0
DA:22,0
DA:23,0
DA:26,0
DA:48,0
LF:11
LH:1
BRF:0
BRH:0
end_of_record
TN:
SF:components\baseLayouts\modals\multiModalFormHandler\index.tsx
FN:9,(anonymous_0)
FN:13,(anonymous_1)
FN:17,(anonymous_2)
FN:21,(anonymous_3)
FN:24,(anonymous_4)
FN:29,(anonymous_5)
FN:35,(anonymous_6)
FN:38,(anonymous_7)
FN:52,(anonymous_8)
FNF:9
FNH:0
FNDA:0,(anonymous_0)
FNDA:0,(anonymous_1)
FNDA:0,(anonymous_2)
FNDA:0,(anonymous_3)
FNDA:0,(anonymous_4)
FNDA:0,(anonymous_5)
FNDA:0,(anonymous_6)
FNDA:0,(anonymous_7)
FNDA:0,(anonymous_8)
DA:7,6
DA:9,6
DA:10,0
DA:11,0
DA:12,0
DA:13,0
DA:14,0
DA:17,0
DA:18,0
DA:21,0
DA:22,0
DA:23,0
DA:24,0
DA:29,0
DA:30,0
DA:33,0
DA:35,0
DA:38,0
DA:53,0
LF:19
LH:2
BRDA:9,0,0,0
BRF:1
BRH:0
end_of_record
TN:
SF:components\baseLayouts\modals\services\modalService.ts
FN:5,(anonymous_0)
FN:7,(anonymous_1)
FN:13,(anonymous_2)
FN:22,(anonymous_3)
FNF:4
FNH:0
FNDA:0,(anonymous_0)
FNDA:0,(anonymous_1)
FNDA:0,(anonymous_2)
FNDA:0,(anonymous_3)
DA:5,6
DA:6,0
DA:7,0
DA:8,0
DA:13,6
DA:14,0
DA:15,0
DA:16,0
DA:18,0
DA:22,6
DA:23,0
DA:24,0
DA:26,0
DA:27,0
DA:29,0
DA:32,0
DA:33,0
LF:17
LH:3
BRDA:6,0,0,0
BRDA:6,0,1,0
BRDA:6,1,0,0
BRDA:6,1,1,0
BRDA:24,2,0,0
BRDA:24,2,1,0
BRDA:29,3,0,0
BRDA:29,3,1,0
BRDA:32,4,0,0
BRDA:32,4,1,0
BRF:10
BRH:0
end_of_record
TN:
SF:components\layout\downloadScreen\index.tsx
FN:11,(anonymous_0)
FN:23,(anonymous_1)
FNF:2
FNH:0
FNDA:0,(anonymous_0)
FNDA:0,(anonymous_1)
DA:11,6
DA:15,0
DA:23,0
DA:24,0
DA:27,0
LF:5
LH:1
BRDA:34,0,0,0
BRDA:34,0,1,0
BRF:2
BRH:0
end_of_record
TN:
SF:components\layout\downloadScreenLoading\index.tsx
FN:12,(anonymous_0)
FN:25,(anonymous_1)
FNF:2
FNH:0
FNDA:0,(anonymous_0)
FNDA:0,(anonymous_1)
DA:12,6
DA:17,0
DA:25,0
DA:26,0
DA:29,0
LF:5
LH:1
BRDA:31,0,0,0
BRDA:31,0,1,0
BRDA:46,1,0,0
BRDA:46,1,1,0
BRF:4
BRH:0
end_of_record
TN:
SF:components\layout\headerPage\index.tsx
FN:4,(anonymous_0)
FNF:1
FNH:1
FNDA:2,(anonymous_0)
DA:4,6
DA:5,2
LF:2
LH:2
BRDA:4,0,0,0
BRDA:4,1,0,0
BRDA:7,2,0,2
BRDA:7,2,1,2
BRDA:11,3,0,2
BRDA:11,3,1,0
BRF:6
BRH:3
end_of_record
TN:
SF:components\layout\screenLayout\index.tsx
FN:11,(anonymous_0)
FNF:1
FNH:0
FNDA:0,(anonymous_0)
DA:11,6
DA:12,0
LF:2
LH:1
BRF:0
BRH:0
end_of_record
TN:
SF:components\layout\sidebar\index.tsx
FN:18,renderSubMenu
FN:19,(anonymous_1)
FN:54,renderMenuItem
FN:88,(anonymous_3)
FN:98,(anonymous_4)
FNF:5
FNH:0
FNDA:0,renderSubMenu
FNDA:0,(anonymous_1)
FNDA:0,renderMenuItem
FNDA:0,(anonymous_3)
FNDA:0,(anonymous_4)
DA:9,6
DA:19,0
DA:20,0
DA:21,0
DA:25,0
DA:26,0
DA:31,0
DA:32,0
DA:38,0
DA:55,0
DA:56,0
DA:74,0
DA:88,6
DA:89,0
DA:91,0
DA:98,0
LF:16
LH:2
BRDA:21,0,0,0
BRDA:21,0,1,0
BRDA:22,1,0,0
BRDA:22,1,1,0
BRDA:25,2,0,0
BRDA:25,2,1,0
BRDA:25,3,0,0
BRDA:25,3,1,0
BRDA:31,4,0,0
BRDA:31,4,1,0
BRDA:34,5,0,0
BRDA:34,5,1,0
BRDA:55,6,0,0
BRDA:55,6,1,0
BRDA:55,7,0,0
BRDA:55,7,1,0
BRDA:61,8,0,0
BRDA:61,8,1,0
BRDA:62,9,0,0
BRDA:62,9,1,0
BRDA:75,10,0,0
BRDA:75,10,1,0
BRF:22
BRH:0
end_of_record
TN:
SF:components\layout\warningPageScreenSize\index.tsx
FN:10,(anonymous_0)
FNF:1
FNH:1
FNDA:1,(anonymous_0)
DA:10,6
DA:11,1
DA:13,1
LF:3
LH:3
BRF:0
BRH:0
end_of_record
TN:
SF:helpers\validFields.ts
FN:10,(anonymous_0)
FNF:1
FNH:1
FNDA:15,(anonymous_0)
DA:10,7
DA:11,15
DA:14,2
DA:16,2
DA:18,2
DA:20,2
DA:22,2
DA:24,2
DA:26,2
DA:27,2
DA:29,1
LF:11
LH:11
BRDA:11,0,0,2
BRDA:11,0,1,2
BRDA:11,0,2,2
BRDA:11,0,3,2
BRDA:11,0,4,2
BRDA:11,0,5,2
BRDA:11,0,6,2
BRDA:11,0,7,2
BRDA:11,0,8,1
BRDA:14,1,0,1
BRDA:14,1,1,1
BRDA:16,2,0,1
BRDA:16,2,1,1
BRDA:18,3,0,1
BRDA:18,3,1,1
BRDA:20,4,0,1
BRDA:20,4,1,1
BRDA:22,5,0,1
BRDA:22,5,1,1
BRDA:24,6,0,1
BRDA:24,6,1,1
BRDA:24,7,0,2
BRDA:24,7,1,1
BRDA:27,8,0,1
BRDA:27,8,1,1
BRF:25
BRH:25
end_of_record
TN:
SF:i18n\index.js
FNF:0
FNH:0
LF:0
LH:0
BRF:0
BRH:0
end_of_record
TN:
SF:i18n\ptBR.js
FNF:0
FNH:0
DA:1,1
LF:1
LH:1
BRF:0
BRH:0
end_of_record
TN:
SF:test\mock\button.js
FNF:0
FNH:0
DA:1,1
DA:3,1
LF:2
LH:2
BRF:0
BRH:0
end_of_record
TN:
SF:test\mock\customTable.js
FNF:0
FNH:0
DA:2,1
DA:15,1
DA:28,1
LF:3
LH:3
BRF:0
BRH:0
end_of_record
TN:
SF:test\mock\inputField.js
FNF:0
FNH:0
DA:1,1
LF:1
LH:1
BRF:0
BRH:0
end_of_record
TN:
SF:test\mock\matchMedia.js
FN:8,(anonymous_0)
FN:12,(anonymous_1)
FN:16,(anonymous_2)
FN:17,(anonymous_3)
FN:21,(anonymous_4)
FNF:5
FNH:5
FNDA:2,(anonymous_0)
FNDA:2,(anonymous_1)
FNDA:2,(anonymous_2)
FNDA:2,(anonymous_3)
FNDA:2,(anonymous_4)
DA:5,2
DA:6,2
DA:8,2
DA:9,2
DA:12,2
DA:13,2
DA:16,2
DA:17,2
DA:18,2
DA:21,2
DA:22,2
LF:11
LH:11
BRF:0
BRH:0
end_of_record
TN:
SF:test\mock\renderField.js
FN:3,(anonymous_0)
FNF:1
FNH:1
FNDA:1,(anonymous_0)
DA:3,1
DA:4,1
LF:2
LH:2
BRF:0
BRH:0
end_of_record
TN:
SF:test\mock\selectComponent.js
FNF:0
FNH:0
DA:1,1
LF:1
LH:1
BRF:0
BRH:0
end_of_record
TN:
SF:utils\renderField.tsx
FN:11,(anonymous_0)
FN:19,(anonymous_1)
FN:43,(anonymous_2)
FN:58,(anonymous_3)
FN:70,(anonymous_4)
FN:81,(anonymous_5)
FN:95,(anonymous_6)
FN:108,(anonymous_7)
FNF:8
FNH:5
FNDA:8,(anonymous_0)
FNDA:2,(anonymous_1)
FNDA:9,(anonymous_2)
FNDA:0,(anonymous_3)
FNDA:0,(anonymous_4)
FNDA:0,(anonymous_5)
FNDA:1,(anonymous_6)
FNDA:2,(anonymous_7)
DA:11,7
DA:12,8
DA:13,1
DA:16,8
DA:17,1
DA:20,2
DA:35,7
DA:43,7
DA:50,9
DA:52,2
DA:58,0
DA:64,1
DA:70,0
DA:75,1
DA:81,0
DA:88,1
DA:95,1
DA:100,4
DA:108,2
LF:19
LH:16
BRDA:12,0,0,1
BRDA:12,0,1,7
BRDA:12,1,0,8
BRDA:12,1,1,1
BRDA:16,2,0,1
BRDA:16,2,1,7
BRDA:25,3,0,0
BRDA:25,3,1,2
BRDA:36,4,0,6
BRDA:36,4,1,1
BRDA:36,5,0,1
BRDA:36,5,1,6
BRDA:45,6,0,0
BRDA:46,7,0,0
BRDA:50,8,0,2
BRDA:50,8,1,1
BRDA:50,8,2,1
BRDA:50,8,3,1
BRDA:50,8,4,4
BRDA:60,9,0,1
BRDA:60,9,1,1
BRDA:71,10,0,1
BRDA:71,10,1,1
BRDA:94,11,0,0
BRDA:94,11,1,1
BRDA:103,12,0,1
BRDA:103,12,1,3
BRDA:107,13,0,0
BRDA:107,13,1,4
BRF:29
BRH:24
end_of_record
